<?xml version="1.0" encoding="UTF-8"?>
<!-- Generated by org.testng.reporters.JUnitXMLReporter -->
<testsuite ignored="0" hostname="DESKTOP-IU9D0MM" failures="0" tests="2" name="Positive Test Cases" time="1.981" errors="0" timestamp="2023-12-01T12:59:38 IST">
  <testcase classname="com.spicejet.utils.SeWrappers" name="@BeforeClass setUp" time="-1.70141577641E9">
    <failure type="org.testng.TestNGException" message="
Parameter &amp;apos;browser&amp;apos; is required by BeforeClass on method setUp but has not been marked @Optional or defined
in D:\EclipseIDE\pj1_framework\testng.xml">
      <![CDATA[org.testng.TestNGException: 
Parameter 'browser' is required by BeforeClass on method setUp but has not been marked @Optional or defined
in D:\EclipseIDE\pj1_framework\testng.xml
at java.base/java.util.ArrayList.forEach(ArrayList.java:1511)
... Removed 22 stack frames]]>
    </failure>
  </testcase> <!-- @BeforeClass setUp -->
  <testcase classname="com.spicejet.test.SignUpTest_Positive" name="@AfterMethod closeBrowser" time="0.0">
    <skipped/>
  </testcase> <!-- @AfterMethod closeBrowser -->
  <testcase classname="com.spicejet.utils.SeWrappers" name="@BeforeClass setUp" time="-1.701415776496E9">
    <failure type="org.testng.TestNGException" message="
Parameter &amp;apos;browser&amp;apos; is required by BeforeClass on method setUp but has not been marked @Optional or defined
in D:\EclipseIDE\pj1_framework\testng.xml">
      <![CDATA[org.testng.TestNGException: 
Parameter 'browser' is required by BeforeClass on method setUp but has not been marked @Optional or defined
in D:\EclipseIDE\pj1_framework\testng.xml
at java.base/java.util.ArrayList.forEach(ArrayList.java:1511)
... Removed 22 stack frames]]>
    </failure>
  </testcase> <!-- @BeforeClass setUp -->
  <testcase classname="com.spicejet.test.LoginTest_P_DataPVDR" name="@AfterMethod closeBrowser" time="0.0">
    <skipped/>
  </testcase> <!-- @AfterMethod closeBrowser -->
  <testcase classname="com.spicejet.test.SignUpTest_Positive" name="signUpWithValidCredentials" time="0.001">
    <skipped/>
  </testcase> <!-- signUpWithValidCredentials -->
  <testcase classname="com.spicejet.test.LoginTest_P_DataPVDR" name="loginWithValidCredentials" time="0.001">
    <skipped/>
  </testcase> <!-- loginWithValidCredentials -->
</testsuite> <!-- Positive Test Cases -->
